0 info it worked if it ends with ok
1 verbose cli [ 'node', '/usr/local/bin/npm', 'install', '-g', 'phantomjs' ]
2 info using npm@1.2.24
3 info using node@v0.10.9
4 verbose read json /usr/local/lib/package.json
5 verbose read json /usr/local/lib/package.json
6 verbose cache add [ 'phantomjs', null ]
7 verbose cache add name=undefined spec="phantomjs" args=["phantomjs",null]
8 verbose parsed url { protocol: null,
8 verbose parsed url   slashes: null,
8 verbose parsed url   auth: null,
8 verbose parsed url   host: null,
8 verbose parsed url   port: null,
8 verbose parsed url   hostname: null,
8 verbose parsed url   hash: null,
8 verbose parsed url   search: null,
8 verbose parsed url   query: null,
8 verbose parsed url   pathname: 'phantomjs',
8 verbose parsed url   path: 'phantomjs',
8 verbose parsed url   href: 'phantomjs' }
9 silly lockFile 30d7cd7d-phantomjs phantomjs
10 verbose lock phantomjs /Users/apple/.npm/30d7cd7d-phantomjs.lock
11 silly lockFile 30d7cd7d-phantomjs phantomjs
12 silly lockFile 30d7cd7d-phantomjs phantomjs
13 verbose addNamed [ 'phantomjs', '' ]
14 verbose addNamed [ null, '' ]
15 silly lockFile 29cf7fd6-phantomjs phantomjs@
16 verbose lock phantomjs@ /Users/apple/.npm/29cf7fd6-phantomjs.lock
17 silly addNameRange { name: 'phantomjs', range: '', hasData: false }
18 verbose url raw phantomjs
19 verbose url resolving [ 'https://registry.npmjs.org/', './phantomjs' ]
20 verbose url resolved https://registry.npmjs.org/phantomjs
21 info trying registry request attempt 1 at 23:59:15
22 verbose etag "AT7DK4VW896NBCQPJPG3YFLGM"
23 http GET https://registry.npmjs.org/phantomjs
24 http 304 https://registry.npmjs.org/phantomjs
25 silly registry.get cb [ 304,
25 silly registry.get   { date: 'Thu, 02 Jan 2014 04:59:15 GMT',
25 silly registry.get     server: 'Apache',
25 silly registry.get     connection: 'Keep-Alive',
25 silly registry.get     'keep-alive': 'timeout=10, max=50',
25 silly registry.get     etag: '"AT7DK4VW896NBCQPJPG3YFLGM"',
25 silly registry.get     vary: 'Accept' } ]
26 verbose etag phantomjs from cache
27 silly addNameRange number 2 { name: 'phantomjs', range: '', hasData: true }
28 silly addNameRange versions [ 'phantomjs',
28 silly addNameRange   [ '0.0.1',
28 silly addNameRange     '0.0.2',
28 silly addNameRange     '0.0.3',
28 silly addNameRange     '0.0.4',
28 silly addNameRange     '0.0.5',
28 silly addNameRange     '0.0.6',
28 silly addNameRange     '0.0.7',
28 silly addNameRange     '0.0.8',
28 silly addNameRange     '0.0.9',
28 silly addNameRange     '0.1.0',
28 silly addNameRange     '0.1.1',
28 silly addNameRange     '0.2.0',
28 silly addNameRange     '0.2.1',
28 silly addNameRange     '0.2.2',
28 silly addNameRange     '0.2.3',
28 silly addNameRange     '0.2.4',
28 silly addNameRange     '0.2.5',
28 silly addNameRange     '0.2.6',
28 silly addNameRange     '1.8.0-1',
28 silly addNameRange     '1.8.1-1',
28 silly addNameRange     '1.8.1-2',
28 silly addNameRange     '1.8.1-3',
28 silly addNameRange     '1.8.2-0',
28 silly addNameRange     '1.8.2-1',
28 silly addNameRange     '1.8.2-2',
28 silly addNameRange     '1.9.0-0',
28 silly addNameRange     '1.9.0-1',
28 silly addNameRange     '1.9.0-2',
28 silly addNameRange     '1.9.0-3',
28 silly addNameRange     '1.9.0-4',
28 silly addNameRange     '1.9.0-5',
28 silly addNameRange     '1.9.0-6',
28 silly addNameRange     '1.9.1-0',
28 silly addNameRange     '1.9.1-2',
28 silly addNameRange     '1.9.1-3',
28 silly addNameRange     '1.9.1-4',
28 silly addNameRange     '1.9.1-5',
28 silly addNameRange     '1.9.1-6',
28 silly addNameRange     '1.9.1-7',
28 silly addNameRange     '1.9.1-8',
28 silly addNameRange     '1.9.1-9',
28 silly addNameRange     '1.9.2-0',
28 silly addNameRange     '1.9.2-1',
28 silly addNameRange     '1.9.2-2',
28 silly addNameRange     '1.9.2-3',
28 silly addNameRange     '1.9.2-4',
28 silly addNameRange     '1.9.2-5',
28 silly addNameRange     '1.9.2-6' ] ]
29 verbose addNamed [ 'phantomjs', '1.9.2-6' ]
30 verbose addNamed [ '1.9.2-6', '1.9.2-6' ]
31 silly lockFile bf6da87a-phantomjs-1-9-2-6 phantomjs@1.9.2-6
32 verbose lock phantomjs@1.9.2-6 /Users/apple/.npm/bf6da87a-phantomjs-1-9-2-6.lock
33 verbose read json /Users/apple/.npm/phantomjs/1.9.2-6/package/package.json
34 silly lockFile bf6da87a-phantomjs-1-9-2-6 phantomjs@1.9.2-6
35 silly lockFile bf6da87a-phantomjs-1-9-2-6 phantomjs@1.9.2-6
36 silly lockFile 29cf7fd6-phantomjs phantomjs@
37 silly lockFile 29cf7fd6-phantomjs phantomjs@
38 silly resolved [ { name: 'phantomjs',
38 silly resolved     version: '1.9.2-6',
38 silly resolved     keywords: [ 'phantomjs', 'headless', 'webkit' ],
38 silly resolved     description: 'Headless WebKit with JS API',
38 silly resolved     homepage: 'https://github.com/Obvious/phantomjs',
38 silly resolved     repository: { type: 'git', url: 'git://github.com/Obvious/phantomjs.git' },
38 silly resolved     licenses: [ [Object] ],
38 silly resolved     author:
38 silly resolved      { name: 'Dan Pupius',
38 silly resolved        email: 'dan@obvious.com',
38 silly resolved        url: 'http://pupius.co.uk' },
38 silly resolved     maintainers: [ [Object] ],
38 silly resolved     main: 'lib/phantomjs',
38 silly resolved     bin: { phantomjs: './bin/phantomjs' },
38 silly resolved     scripts:
38 silly resolved      { install: 'node install.js',
38 silly resolved        test: 'nodeunit --reporter=minimal test/tests.js' },
38 silly resolved     dependencies:
38 silly resolved      { 'adm-zip': '0.2.1',
38 silly resolved        kew: '~0.1.7',
38 silly resolved        ncp: '0.4.2',
38 silly resolved        npmconf: '0.0.24',
38 silly resolved        mkdirp: '0.3.5',
38 silly resolved        rimraf: '~2.2.2',
38 silly resolved        which: '~1.0.5' },
38 silly resolved     devDependencies: { nodeunit: '~0.7.4' },
38 silly resolved     readme: 'phantom\n=======\n\nAn NPM wrapper for [PhantomJS](http://phantomjs.org/), headless webkit with JS API.\n\nBuilding and Installing\n-----------------------\n\n```shell\nnpm install phantomjs\n```\n\nOr grab the source and\n\n```shell\nnode ./install.js\n```\n\nWhat this is really doing is just grabbing a particular "blessed" (by\nthis module) version of Phantom. As new versions of Phantom are released\nand vetted, this module will be updated accordingly.\n\nThe package has been set up to fetch and run Phantom for MacOS (darwin),\nLinux based platforms (as identified by nodejs), and -- as of version 0.2.0 --\nWindows (thanks to [Domenic Denicola](https://github.com/domenic)).  If you\nspot any platform weirdnesses, let us know or send a patch.\n\nRunning\n-------\n\n```shell\nbin/phantom [phantom arguments]\n```\n\nAnd npm will install a link to the binary in `node_modules/.bin` as\nit is wont to do.\n\nRunning via node\n----------------\n\nThe package exports a `path` string that contains the path to the\nphantomjs binary/executable.\n\nBelow is an example of using this package via node.\n\n```javascript\nvar childProcess = require(\'child_process\')\nvar phantomjs = require(\'phantomjs\')\nvar binPath = phantomjs.path\n\nvar childArgs = [\n  path.join(__dirname, \'phantomjs-script.js\'),\n  \'some other argument (passed to phantomjs script)\'\n]\n\nchildProcess.execFile(binPath, childArgs, function(err, stdout, stderr) {\n  // handle results\n})\n\n```\n\nVersioning\n----------\n\nThe NPM package version tracks the version of PhantomJS that will be installed,\nwith an additional build number that is used for revisions to the installer.\n\nAs such `1.8.0-1` will `1.8.0-2` will both install PhantomJs 1.8 but the latter\nhas newer changes to the installer.\n\nA Note on PhantomJS\n-------------------\n\nPhantomJS is not a library for NodeJS.  It\'s a separate environment and code\nwritten for node is unlikely to be compatible.  In particular PhantomJS does\nnot expose a Common JS package loader.\n\nThis is an _NPM wrapper_ and can be used to conveniently make Phantom available\nIt is not a Node JS wrapper.\n\nI have had reasonable experiences writing standalone Phantom scripts which I\nthen drive from within a node program by spawning phantom in a child process.\n\nRead the PhantomJS FAQ for more details: http://phantomjs.org/faq.html\n\n### Linux Note\n\nAn extra note on Linux usage, from the PhantomJS download page:\n\n > This package is built on CentOS 5.8. It should run successfully on Lucid or\n > more modern systems (including other distributions). There is no requirement\n > to install Qt, WebKit, or any other libraries. It is however expected that\n > some base libraries necessary for rendering (FreeType, Fontconfig) and the\n > basic font files are available in the system.\n\nContributing\n------------\n\nQuestions, comments, bug reports, and pull requests are all welcome.  Submit them at\n[the project on GitHub](https://github.com/Obvious/phantomjs/).  If you haven\'t contributed to an\n[Obvious](http://github.com/Obvious/) project before please head over to the\n[Open Source Project](https://github.com/Obvious/open-source#note-to-external-contributors) and fill\nout an OCLA (it should be pretty painless).\n\nBug reports that include steps-to-reproduce (including code) are the\nbest. Even better, make them in the form of pull requests.\n\nAuthor\n------\n\n[Dan Pupius](https://github.com/dpup)\n([personal website](http://pupius.co.uk)), supported by\n[The Obvious Corporation](http://obvious.com/).\n\nLicense\n-------\n\nCopyright 2012 [The Obvious Corporation](http://obvious.com/).\n\nLicensed under the Apache License, Version 2.0.\nSee the top-level file `LICENSE.txt` and\n(http://www.apache.org/licenses/LICENSE-2.0).\n',
38 silly resolved     readmeFilename: 'README.md',
38 silly resolved     bugs: { url: 'https://github.com/Obvious/phantomjs/issues' },
38 silly resolved     _id: 'phantomjs@1.9.2-6',
38 silly resolved     _from: 'phantomjs@' } ]
39 info install phantomjs@1.9.2-6 into /usr/local/lib
40 info installOne phantomjs@1.9.2-6
41 verbose from cache /Users/apple/.npm/phantomjs/1.9.2-6/package/package.json
42 info /usr/local/lib/node_modules/phantomjs unbuild
43 verbose read json /usr/local/lib/node_modules/phantomjs/package.json
44 info preuninstall phantomjs@1.9.2-6
45 info uninstall phantomjs@1.9.2-6
46 verbose true,/usr/local/lib/node_modules,/usr/local/lib/node_modules unbuild phantomjs@1.9.2-6
47 verbose /usr/local/bin,[object Object] binRoot
48 info /usr/local/lib/node_modules/phantomjs unbuild
49 verbose read json /usr/local/lib/node_modules/phantomjs/package.json
50 info preuninstall phantomjs@1.9.2-6
51 info uninstall phantomjs@1.9.2-6
52 verbose true,/usr/local/lib/node_modules,/usr/local/lib/node_modules unbuild phantomjs@1.9.2-6
53 verbose /usr/local/bin,[object Object] binRoot
54 error error rolling back Error: Refusing to delete: /usr/local/bin/phantomjs not in /usr/local/lib/node_modules/phantomjs
54 error error rolling back     at clobberFail (/usr/local/lib/node_modules/npm/lib/utils/gently-rm.js:41:12)
54 error error rolling back     at next (/usr/local/lib/node_modules/npm/lib/utils/gently-rm.js:27:14)
54 error error rolling back     at /usr/local/lib/node_modules/npm/lib/utils/gently-rm.js:36:12
54 error error rolling back     at Object.oncomplete (fs.js:107:15)
54 error error rolling back  phantomjs@1.9.2-6 { [Error: Refusing to delete: /usr/local/bin/phantomjs not in /usr/local/lib/node_modules/phantomjs] code: 'EEXIST', path: '/usr/local/bin/phantomjs' }
55 error Refusing to delete: /usr/local/bin/phantomjs not in /usr/local/lib/node_modules/phantomjs
File exists: /usr/local/bin/phantomjs
Move it away, and try again.
56 error System Darwin 12.5.0
57 error command "node" "/usr/local/bin/npm" "install" "-g" "phantomjs"
58 error cwd /Users/apple/git/temp/monsoon
59 error node -v v0.10.9
60 error npm -v 1.2.24
61 error path /usr/local/bin/phantomjs
62 error code EEXIST
63 verbose exit [ 1, true ]
